================================================================================
GENERAZIONE PACCHETTO COMPLETO ACCREDITAMENTO FSE 2.0 - LAB
BEEBEEDOC v1.3.56 - Poppix S.r.l.
================================================================================

================================================================================
[1/10] 0. Preparazione template Excel
Copia template Excel vergine nella cartella di accreditamento
================================================================================

================================================================================
PREPARAZIONE TEMPLATE EXCEL
================================================================================

📄 Template sorgente: accreditamento-checklist_V8.2.6.1.xlsx
   Dimensione: 72.3 KB

📁 Directory destinazione: ACCREDITAMENTO/GATEWAY/A1#111#POPPIXSRLXX/POPPIX_SRL/BEEBEEDOC/V.1.3.56

📋 Copia in corso...
   ⚠️  File esistente salvato come backup: report-checklist.xlsx.backup
   ✓ Copiato: report-checklist.xlsx
   Dimensione: 72.3 KB

✅ Template preparato con successo!
================================================================================

✅ 0. Preparazione template Excel completato


================================================================================
[2/10] 1. Generazione test KO (15 test)
Genera e sottomette test KO LAB al gateway
================================================================================

================================================================================
GENERAZIONE TEST KO OBBLIGATORI PER LAB
================================================================================

Numero test da generare: 13

Tipologie:
  - Test JWT: 2
  - Test CDA: 10
  - Documentali: 1

Status HTTP attesi:
  - 400: 4 test
  - 403: 2 test
  - 422: 6 test


================================================================================
TC-28: VALIDAZIONE_TOKEN_JWT_LAB_KO
================================================================================
Tipo: JWT Token Validation
Descrizione: JWT mancante di campo obbligatorio purpose_of_use
Status atteso: 403
--------------------------------------------------------------------------------

✓ File XML: test_ko_tc28_jwt_20251110_112718.xml
  JWT mancante di campo obbligatorio purpose_of_use

📄 Generazione PDF...
✓ File PDF: test_ko_tc28_jwt_20251110_112718.pdf (15.4 KB)

⏳ Invio al gateway...

Status Code: 400
✅ TC-28 RIUSCITO!

   Received request is not conform to the required interoperability profile

================================================================================
TC-36: VALIDAZIONE_TOKEN_JWT_CAMPO_LAB_KO
================================================================================
Tipo: JWT Token Validation
Descrizione: JWT con campo action_id valorizzato erroneamente
Status atteso: 403
--------------------------------------------------------------------------------

✓ File XML: test_ko_tc36_jwt_20251110_112720.xml
  JWT con campo action_id valorizzato erroneamente

📄 Generazione PDF...
✓ File PDF: test_ko_tc36_jwt_20251110_112720.pdf (15.4 KB)

⏳ Invio al gateway...

Status Code: 400
✅ TC-36 RIUSCITO!

   Received request is not conform to the required interoperability profile

================================================================================
TC-44: VALIDAZIONE_LAB_TIMEOUT
================================================================================

⚠️  Test solo documentale (nessun invio reale)
   Documentare comportamento timeout nella checklist

================================================================================
TC-53: VALIDAZIONE_CDA2_LAB_CT7_KO
================================================================================
Tipo: CDA Validation (Caso Test 7)
Descrizione: Errore semantico (422) - Caso Test 7
Status atteso: 422
--------------------------------------------------------------------------------

✓ File XML: test_ko_tc53_ct7_20251110_112722.xml
  Errore semantico (422) - Caso Test 7
  Modifica: Codice fiscale in minuscolo (es: provax00x00x000x)

📄 Generazione PDF...
✓ File PDF: test_ko_tc53_ct7_20251110_112722.pdf (15.4 KB)

⏳ Invio al gateway...

✅ TC-53 RIUSCITO!

   {
   "traceID": "0dbaec9ab365c7d01d6b536b303bc190",
   "spanID": "61cee5ba0d061501",
   "type": "/msg/semantic",
   "title": "Errore semantico.",
   "detail": "[ERRORE-46| codice fiscale 'clmmrc82t20d612o' cittadino ed operatore: 16 cifre [A-Z0-9]{16}]",

================================================================================
TC-55: VALIDAZIONE_CDA2_LAB_CT9_KO
================================================================================
Tipo: CDA Validation (Caso Test 9)
Descrizione: Errore semantico (422) - Caso Test 9
Status atteso: 422
--------------------------------------------------------------------------------

✓ File XML: test_ko_tc55_ct9_20251110_112725.xml
  Errore semantico (422) - Caso Test 9
  Modifica: Rimosso elemento obbligatorio <city> (comune residenza)

📄 Generazione PDF...
✓ File PDF: test_ko_tc55_ct9_20251110_112725.pdf (15.4 KB)

⏳ Invio al gateway...

✅ TC-55 RIUSCITO!

   {
   "traceID": "9ba9c8cc060ff7f759f49c4f66b7667f",
   "spanID": "325515da6598c10a",
   "type": "/msg/semantic",
   "title": "Errore semantico.",
   "detail": "[ERRORE-12| L'elemento ClinicalDocument/recordTarget/patientRole/addr DEVE riportare i sotto-elementi 'country', 'city' e 'streetAddressLine' ]",
   "status": 422,
   "instance": "/validation/error",
   "workflowInstanceId": "2.16.840.1.113883.2.9.2.120.4.4.72ede19187f33e7bc6e8d5babfd5ea54bc6ce34099ddef2338a50633a4fdf271.8ed35edc95^^^^urn:ihe:iti:xdw:2013:workflowInstanceId"
   }

================================================================================
TC-56: VALIDAZIONE_CDA2_LAB_CT10_KO
================================================================================
Tipo: CDA Validation (Caso Test 10)
Descrizione: Errore semantico (422) - Caso Test 10
Status atteso: 422
--------------------------------------------------------------------------------

✓ File XML: test_ko_tc56_ct10_20251110_112727.xml
  Errore semantico (422) - Caso Test 10
  Modifica: Rimosso elemento obbligatorio <given> (nome paziente)

📄 Generazione PDF...
✓ File PDF: test_ko_tc56_ct10_20251110_112727.pdf (15.4 KB)

⏳ Invio al gateway...

✅ TC-56 RIUSCITO!

   {
   "traceID": "1777143a9cccd1e84292e30285779f45",
   "spanID": "96cd644a21a3dbc4",
   "type": "/msg/semantic",
   "title": "Errore semantico.",
   "detail": "[ERRORE-15| L'elemento ClinicalDocument/recordTaget/patientRole/patient/name DEVE riportare gli elementi 'given' e 'family']",
   "status": 422,
   "instance": "/validation/error",
   "workflowInstanceId": "2.16.840.1.113883.2.9.2.120.4.4.a4dad81559095ea95ee8d11009cfe44c805f89c4b37937f629c9ffe8e7cc2318.bfb1268d20^^^^urn:ihe:iti:xdw:2013:workflowInstanceId"
   }

================================================================================
TC-57: VALIDAZIONE_CDA2_LAB_CT11_KO
================================================================================
Tipo: CDA Validation (Caso Test 11)
Descrizione: Errore terminologico (400) - Caso Test 11
Status atteso: 400
--------------------------------------------------------------------------------

✓ File XML: test_ko_tc57_ct11_20251110_112730.xml
  Errore terminologico (400) - Caso Test 11
  Modifica: administrativeGenderCode/@code = 'NB' (valore non valido)

📄 Generazione PDF...
✓ File PDF: test_ko_tc57_ct11_20251110_112730.pdf (15.4 KB)

⏳ Invio al gateway...

✅ TC-57 RIUSCITO!

   {
   "traceID": "7b270d2eddf920c9a67154adc1c3810d",
   "spanID": "43b85ada01e81ed9",
   "type": "/msg/vocabulary",
   "title": "Errore vocabolario.",
   "detail": "Almeno uno dei seguenti vocaboli non è censito: [CodeSystem: 2.16.840.1.113883.5.1 v2.1.0, Codes: NB]",
   "status": 400,
   "instance": "/validation/error",
   "workflowInstanceId": "2.16.840.1.113883.2.9.2.120.4.4.bb84c2530842a8efac5b0c9de309d24d990cb6287ae518ae2a1a99f0c95dfc6f.5e424a70db^^^^urn:ihe:iti:xdw:2013:workflowInstanceId"
   }

================================================================================
TC-59: VALIDAZIONE_CDA2_LAB_CT13_KO
================================================================================
Tipo: CDA Validation (Caso Test 13)
Descrizione: Errore sintattico (400) - Caso Test 13
Status atteso: 400
--------------------------------------------------------------------------------

✓ File XML: test_ko_tc59_ct13_20251110_112733.xml
  Errore sintattico (400) - Caso Test 13
  Modifica: Rimosso elemento obbligatorio <id> dentro <order>

📄 Generazione PDF...
✓ File PDF: test_ko_tc59_ct13_20251110_112733.pdf (15.3 KB)

⏳ Invio al gateway...

✅ TC-59 RIUSCITO!

   {
   "traceID": "64e85579f89a28631ae6db36311a673e",
   "spanID": "a76434af3be24fe9",
   "type": "/msg/syntax",
   "title": "Errore di sintassi.",
   "detail": "ERROR: -1,-1 cvc-complex-type.2.4.b: The content of element 'order' is not complete. One of '{\"urn:hl7-org:v3\":realmCode, \"urn:hl7-org:v3\":typeId, \"urn:hl7-org:v3\":templateId, \"urn:hl7-org:v3\":id}' is expected.",

================================================================================
TC-60: VALIDAZIONE_CDA2_LAB_CT14_KO
================================================================================
Tipo: CDA Validation (Caso Test 14)
Descrizione: Errore semantico (422) - Caso Test 14
Status atteso: 422
--------------------------------------------------------------------------------

✓ File XML: test_ko_tc60_ct14_20251110_112735.xml
  Errore semantico (422) - Caso Test 14
  Modifica: section/code = '99999-9' (codice LOINC specialità non valido)

📄 Generazione PDF...
✓ File PDF: test_ko_tc60_ct14_20251110_112735.pdf (15.4 KB)

⏳ Invio al gateway...

✅ TC-60 RIUSCITO!

   {
   "traceID": "5f11db86896f48e8fc74cb667c74ad0c",
   "spanID": "68783ce4b91bba87",
   "type": "/msg/semantic",
   "title": "Errore semantico.",
   "detail": "[ERRORE-5| L'elemento ClinicalDocument/code deve essere valorizzato con l'attributo @code='11502-2' e il @codeSystem='2.16.840.1.113883.6.1']",
   "status": 422,
   "instance": "/validation/error",
   "workflowInstanceId": "2.16.840.1.113883.2.9.2.120.4.4.d007887d6717ac742dfc88006658d25158f67225ab512ae147d01616ba63a562.f5c5aa3285^^^^urn:ihe:iti:xdw:2013:workflowInstanceId"
   }

================================================================================
TC-61: VALIDAZIONE_CDA2_LAB_CT15_KO
================================================================================
Tipo: CDA Validation (Caso Test 15)
Descrizione: Errore semantico (422) - Caso Test 15
Status atteso: 422
--------------------------------------------------------------------------------

✓ File XML: test_ko_tc61_ct15_20251110_112738.xml
  Errore semantico (422) - Caso Test 15
  Modifica: Rimosso elemento obbligatorio <family> (cognome paziente)

📄 Generazione PDF...
✓ File PDF: test_ko_tc61_ct15_20251110_112738.pdf (15.4 KB)

⏳ Invio al gateway...

✅ TC-61 RIUSCITO!

   {
   "traceID": "f7dff884914191b9c888cf41dd28d9f6",
   "spanID": "3b45c945e694f557",
   "type": "/msg/semantic",
   "title": "Errore semantico.",
   "detail": "[ERRORE-15| L'elemento ClinicalDocument/recordTaget/patientRole/patient/name DEVE riportare gli elementi 'given' e 'family']",
   "status": 422,
   "instance": "/validation/error",
   "workflowInstanceId": "2.16.840.1.113883.2.9.2.120.4.4.1abe0a4e97887465beaee439917925256b50d4e638d5fe21a288546ee54647e9.949ae34123^^^^urn:ihe:iti:xdw:2013:workflowInstanceId"
   }

================================================================================
TC-62: VALIDAZIONE_CDA2_LAB_CT16_KO
================================================================================
Tipo: CDA Validation (Caso Test 16)
Descrizione: Errore semantico (422) - Caso Test 16
Status atteso: 422
--------------------------------------------------------------------------------

✓ File XML: test_ko_tc62_ct16_20251110_112740.xml
  Errore semantico (422) - Caso Test 16
  Modifica: Rimosso elemento obbligatorio <streetAddressLine> (indirizzo)

📄 Generazione PDF...
✓ File PDF: test_ko_tc62_ct16_20251110_112740.pdf (15.4 KB)

⏳ Invio al gateway...

✅ TC-62 RIUSCITO!

   {
   "traceID": "5fc7a8bb06e134365650bd0e40667d0c",
   "spanID": "e9e075ccf540a00a",
   "type": "/msg/semantic",
   "title": "Errore semantico.",
   "detail": "[ERRORE-12| L'elemento ClinicalDocument/recordTarget/patientRole/addr DEVE riportare i sotto-elementi 'country', 'city' e 'streetAddressLine' ]",
   "status": 422,
   "instance": "/validation/error",
   "workflowInstanceId": "2.16.840.1.113883.2.9.2.120.4.4.059c3d405a732f1825c5e9658a5a14023bebf906105ffe96a8b17246d79fa4e3.edb94cb9a9^^^^urn:ihe:iti:xdw:2013:workflowInstanceId"
   }

================================================================================
TC-466: VALIDAZIONE_CDA2_LAB_CT18
================================================================================
Tipo: CDA Validation (Caso Test 18)
Descrizione: Errore sintattico (400) - Caso Test 18
Status atteso: 400
--------------------------------------------------------------------------------

✓ File XML: test_ko_tc466_ct18_20251110_112743.xml
  Errore sintattico (400) - Caso Test 18
  Modifica: Rimosso elemento obbligatorio <confidentialityCode>

📄 Generazione PDF...
✓ File PDF: test_ko_tc466_ct18_20251110_112743.pdf (15.3 KB)

⏳ Invio al gateway...

✅ TC-466 RIUSCITO!

   {
   "traceID": "275adf5992ea7c2b1fcb5f0a3c2afc03",
   "spanID": "3b5f153b4b9cbc3c",
   "type": "/msg/syntax",
   "title": "Errore di sintassi.",
   "detail": "ERROR: -1,-1 cvc-complex-type.2.4.a: Invalid content was found starting with element '{\"urn:hl7-org:v3\":languageCode}'. One of '{\"urn:hl7-org:v3\":confidentialityCode}' is expected.",

================================================================================
TC-473: VALIDAZIONE_CDA2_LAB_CT19_KO
================================================================================
Tipo: CDA Validation (Caso Test 19)
Descrizione: Errore terminologico (400) - Caso Test 19
Status atteso: 400
--------------------------------------------------------------------------------

✓ File XML: test_ko_tc473_ct19_20251110_112745.xml
  Errore terminologico (400) - Caso Test 19
  Modifica: Aggiunto priorityCode/@code con valore invalido

📄 Generazione PDF...
✓ File PDF: test_ko_tc473_ct19_20251110_112745.pdf (15.6 KB)

⏳ Invio al gateway...

✅ TC-473 RIUSCITO!

   {
   "traceID": "e50bff269f90fdbf48e0ebc528f8e5e3",
   "spanID": "a475e7da6d292f28",
   "type": "/msg/vocabulary",
   "title": "Errore vocabolario.",
   "detail": "Almeno uno dei seguenti vocaboli non è censito: [CodeSystem: 2.16.840.1.113883.5.7 v2.1.0, Codes: INVALID_PRIORITY]",
   "status": 400,
   "instance": "/validation/error",
   "workflowInstanceId": "2.16.840.1.113883.2.9.2.120.4.4.6564ade03edbc3cc209443cdb9d7c4456463de0bb04269bd418996b7c4492bdb.9b568052b3^^^^urn:ihe:iti:xdw:2013:workflowInstanceId"
   }

================================================================================
RIEPILOGO FINALE
================================================================================

✅ Test riusciti: 13/13
❌ Test falliti: 0/13

Dettaglio per tipologia:

📋 Test JWT:
  ✅ TC-28: VALIDAZIONE_TOKEN_JWT_LAB_KO
  ✅ TC-36: VALIDAZIONE_TOKEN_JWT_CAMPO_LAB_KO

📄 Test CDA:
  ✅ TC-53 (CT7): VALIDAZIONE_CDA2_LAB_CT7_KO
  ✅ TC-55 (CT9): VALIDAZIONE_CDA2_LAB_CT9_KO
  ✅ TC-56 (CT10): VALIDAZIONE_CDA2_LAB_CT10_KO
  ✅ TC-57 (CT11): VALIDAZIONE_CDA2_LAB_CT11_KO
  ✅ TC-59 (CT13): VALIDAZIONE_CDA2_LAB_CT13_KO
  ✅ TC-60 (CT14): VALIDAZIONE_CDA2_LAB_CT14_KO
  ✅ TC-61 (CT15): VALIDAZIONE_CDA2_LAB_CT15_KO
  ✅ TC-62 (CT16): VALIDAZIONE_CDA2_LAB_CT16_KO
  ✅ TC-466 (CT18): VALIDAZIONE_CDA2_LAB_CT18
  ✅ TC-473 (CT19): VALIDAZIONE_CDA2_LAB_CT19_KO

📝 Test documentali:
  ✅ TC-44: DOCUMENTATION

================================================================================
FILE GENERATI
================================================================================

✓ XML: 52 file
✓ PDF: 52 file
✓ JSON risultati: 52 file

✅ 1. Generazione test KO (15 test) completato


================================================================================
[3/10] 2. Generazione test OK (2 test)
Genera e sottomette test OK LAB al gateway
================================================================================

================================================================================
GENERAZIONE TEST OK OBBLIGATORI PER LAB
================================================================================

================================================================================
TC-4: VALIDAZIONE_CDA2_LAB_CT4
================================================================================

⚙️  Generazione CDA valido...

✓ File XML: test_ok_tc4_ct4_20251110_112748.xml
  Test OK - Caso Test 4 (referto valido)

📄 Generazione PDF...
✓ File PDF: test_ok_tc4_ct4_20251110_112748.pdf (15.4 KB)

⏳ Invio al gateway...


================================================================================
 INVIO DOCUMENTO FSE 2.0 - VALIDAZIONE
================================================================================

✓ CDA caricato: test_ok_tc4_ct4_20251110_112748.xml
  Dimensione: 14091 bytes

✓ Informazioni estratte:
  - Paziente CF: CLMMRC82T20D612O
  - Autore CF: NREPLA70A01H501Z
  - Tipo documento: 11502-2 - Referto di laboratorio

✓ Generazione JWT...
  - JWT Sign: eyJhbGciOiJSUzI1NiIsInR5cCI6IkpXVCIsIng1YyI6WyJNSU...
  - JWT Auth: eyJhbGciOiJSUzI1NiIsInR5cCI6IkpXVCIsIng1YyI6WyJNSU...

✓ Creazione PDF con CDA embedded...
  - PDF dimensione: 15806 bytes

⏳ Invio al gateway FSE...
   URL: https://modipa-val.fse.salute.gov.it/govway/rest/in/FSE/gateway/v1/documents/validation
   Certificato AUTH: client_auth_combined.pem

📥 Risposta gateway:
   Status Code: 201

{
  "traceID": "130673f57622d5f282a749f5347da7a0",
  "spanID": "3e18c1d302d401e9",
  "workflowInstanceId": "2.16.840.1.113883.2.9.2.120.4.4.9ed91d27714a4af5f163a6a2ab687760be361d161d80d7cdfb57a68bb6048eba.18b31fa11d^^^^urn:ihe:iti:xdw:2013:workflowInstanceId"
}

================================================================================
✅ VALIDAZIONE COMPLETATA CON SUCCESSO!
================================================================================

📋 Workflow Instance ID: 2.16.840.1.113883.2.9.2.120.4.4.9ed91d27714a4af5f163a6a2ab687760be361d161d80d7cdfb57a68bb6048eba.18b31fa11d^^^^urn:ihe:iti:xdw:2013:workflowInstanceId

✅ TC-4 RIUSCITO!


================================================================================
TC-452: VALIDAZIONE_CDA2_LAB_CT17
================================================================================

⚙️  Generazione CDA valido...

✓ File XML: test_ok_tc452_ct17_20251110_112752.xml
  Test OK - Caso Test 17 (referto valido con esami multipli)

📄 Generazione PDF...
✓ File PDF: test_ok_tc452_ct17_20251110_112752.pdf (15.4 KB)

⏳ Invio al gateway...


================================================================================
 INVIO DOCUMENTO FSE 2.0 - VALIDAZIONE
================================================================================

✓ CDA caricato: test_ok_tc452_ct17_20251110_112752.xml
  Dimensione: 14090 bytes

✓ Informazioni estratte:
  - Paziente CF: BNCLRA85M50F205E
  - Autore CF: NREPLA70A01H501Z
  - Tipo documento: 11502-2 - Referto di laboratorio

✓ Generazione JWT...
  - JWT Sign: eyJhbGciOiJSUzI1NiIsInR5cCI6IkpXVCIsIng1YyI6WyJNSU...
  - JWT Auth: eyJhbGciOiJSUzI1NiIsInR5cCI6IkpXVCIsIng1YyI6WyJNSU...

✓ Creazione PDF con CDA embedded...
  - PDF dimensione: 15805 bytes

⏳ Invio al gateway FSE...
   URL: https://modipa-val.fse.salute.gov.it/govway/rest/in/FSE/gateway/v1/documents/validation
   Certificato AUTH: client_auth_combined.pem

📥 Risposta gateway:
   Status Code: 201

{
  "traceID": "2eb77c1dc598d06a88a42f829108e637",
  "spanID": "1f530cccddaa2e48",
  "workflowInstanceId": "2.16.840.1.113883.2.9.2.120.4.4.472583e2c7c204f78e9b2e18b442589004149dff0ed49345dfc75c3899535250.e33ee0bc15^^^^urn:ihe:iti:xdw:2013:workflowInstanceId"
}

================================================================================
✅ VALIDAZIONE COMPLETATA CON SUCCESSO!
================================================================================

📋 Workflow Instance ID: 2.16.840.1.113883.2.9.2.120.4.4.472583e2c7c204f78e9b2e18b442589004149dff0ed49345dfc75c3899535250.e33ee0bc15^^^^urn:ihe:iti:xdw:2013:workflowInstanceId

✅ TC-452 RIUSCITO!


================================================================================
RIEPILOGO FINALE
================================================================================

✅ Test riusciti: 2/2
❌ Test falliti: 0/2

Dettaglio:
  ✅ TC-4: VALIDAZIONE_CDA2_LAB_CT4
  ✅ TC-452: VALIDAZIONE_CDA2_LAB_CT17

✅ 2. Generazione test OK (2 test) completato


================================================================================
[4/10] 3. Copia PDF in FILES/
Copia i PDF generati nella cartella FILES/
================================================================================

================================================================================
COPIA PDF IN FILES/ - LAB
================================================================================

📁 Directory: ACCREDITAMENTO/GATEWAY/A1#111#POPPIXSRLXX/POPPIX_SRL/BEEBEEDOC/V.1.3.56/FILES

🔄 TC-  4: Aggiornato VALIDAZIONE_CDA2_LAB_CT4.PDF
🔄 TC- 28: Aggiornato VALIDAZIONE_TOKEN_JWT_LAB_KO.PDF
🔄 TC- 36: Aggiornato VALIDAZIONE_TOKEN_JWT_CAMPO_LAB_KO.PDF
⏭️  TC- 44: Nessun PDF trovato
🔄 TC- 53: Aggiornato VALIDAZIONE_CDA2_LAB_CT7_KO.PDF
🔄 TC- 55: Aggiornato VALIDAZIONE_CDA2_LAB_CT9_KO.PDF
🔄 TC- 56: Aggiornato VALIDAZIONE_CDA2_LAB_CT10_KO.PDF
🔄 TC- 57: Aggiornato VALIDAZIONE_CDA2_LAB_CT11_KO.PDF
🔄 TC- 59: Aggiornato VALIDAZIONE_CDA2_LAB_CT13_KO.PDF
🔄 TC- 60: Aggiornato VALIDAZIONE_CDA2_LAB_CT14_KO.PDF
🔄 TC- 61: Aggiornato VALIDAZIONE_CDA2_LAB_CT15_KO.PDF
🔄 TC- 62: Aggiornato VALIDAZIONE_CDA2_LAB_CT16_KO.PDF
🔄 TC-452: Aggiornato VALIDAZIONE_CDA2_LAB_CT17.PDF
🔄 TC-466: Aggiornato VALIDAZIONE_CDA2_LAB_CT18.PDF
🔄 TC-473: Aggiornato VALIDAZIONE_CDA2_LAB_CT19_KO.PDF

================================================================================
RIEPILOGO
================================================================================

Totale PDF: 36/14
Copiati: 14
Saltati: 1

✅ Tutti i 14 PDF sono presenti!

✅ 3. Copia PDF in FILES/ completato


================================================================================
[5/10] 4. Compilazione info applicazione Excel
Compila subject_application_id, vendor, version
================================================================================

/Users/bio/Develop/FSE2.0/.venv/lib/python3.14/site-packages/openpyxl/worksheet/_reader.py:329: UserWarning: Data Validation extension is not supported and will be removed
  warn(msg)
Informazioni applicazione compilate:
  ✓ NOME FORNITORE (riga 2, col C)
  ✓ subject_application_id (riga 3, col C)
  ✓ subject_application_vendor (riga 4, col C)
  ✓ subject_application_version (riga 5, col C)

✅ 4 campi compilati

✅ 4. Compilazione info applicazione Excel completato


================================================================================
[6/10] 5. Compilazione dati tecnici Excel
Compila DATA, TIMESTAMP, TRACEID, WORKFLOWINSTANCEID, ESITO
================================================================================

================================================================================
COMPILAZIONE EXCEL CON DATI COMPLETI DEI TEST LAB
================================================================================

Colonne trovate: ['ID', 'SERVIZIO', 'Tipo Documento', 'NOME CASO TEST', 'DESCRIZIONE CASO TEST', 'DATA ESECUZIONE', 'TIMESTAMP', 'TRACEID', 'WORKFLOWINSTANCEID', "APPLICABILITA'", "RAZIONALE DI APPLICABILITA'", "RAZIONALE DI APPLICABILITA' - ALTRO", 'ERRORE BLOCCANTE (SI/NO)', 'ERRORE VISIBILE A UTENTE (SI/NO)', 'MESSAGGIO DI ERRORE', 'GESTITO IN BACKOFFICE (SI/NO)', "PRESENTE CODA DI RETRY AUTOMATICA PER L'INVIO DEL DOCUMENTO AL SERVIZIO DI VALIDAZIONE DEL GATEWAY A SEGUITO DELLA RISOLUZIONE DELL'ERRORE (SI/NO)", "INVIO MANUALE DEL DOCUMENTO AL SERVIZIO DI VALIDAZIONE DEL GATEWAY A SEGUITO DELLA RISOLUZIONE DELL'ERRORE (SI/NO)", 'GESTIONE ERRORE', 'ESITO', 'TEST AUTOCERTIFICATO', 'NOTE', 'CASO OK / KO']

✓ TC-4: TraceID=130673f57622d5f282a7..., WorkflowID=2.16.840.1.113883.2.9.2.120.4.4.9ed91d27...

✓ TC-452: TraceID=2eb77c1dc598d06a88a4..., WorkflowID=2.16.840.1.113883.2.9.2.120.4.4.472583e2...
✓ TC-28: Status=400, TraceID=eb6a174d-be1e-11f0-8...
✓ TC-36: Status=400, TraceID=f3f8563e-be1e-11f0-8...
✓ TC-53: Status=422, TraceID=0dbaec9ab365c7d01d6b...
✓ TC-55: Status=422, TraceID=9ba9c8cc060ff7f759f4...
✓ TC-56: Status=422, TraceID=1777143a9cccd1e84292...
✓ TC-57: Status=400, TraceID=7b270d2eddf920c9a671...
✓ TC-59: Status=400, TraceID=64e85579f89a28631ae6...
✓ TC-60: Status=422, TraceID=5f11db86896f48e8fc74...
✓ TC-61: Status=422, TraceID=f7dff884914191b9c888...
✓ TC-62: Status=422, TraceID=5fc7a8bb06e134365650...
✓ TC-466: Status=400, TraceID=275adf5992ea7c2b1fcb...
✓ TC-473: Status=400, TraceID=e50bff269f90fdbf48e0...


Scrittura dati nell'Excel per test LAB...
  ✓ TC-4: OK
  ✓ TC-28: KO (Status 400)
  ✓ TC-36: KO (Status 400)
  ✓ TC-44: KO (Expected)
  ✓ TC-53: KO (Status 422)
  ✓ TC-55: KO (Status 422)
  ✓ TC-56: KO (Status 422)
  ✓ TC-57: KO (Status 400)
  ✓ TC-59: KO (Status 400)
  ✓ TC-60: KO (Status 422)
  ✓ TC-61: KO (Status 422)
  ✓ TC-62: KO (Status 422)
  ✓ TC-452: OK
  ✓ TC-466: KO (Status 400)
  ✓ TC-473: KO (Status 400)

================================================================================
✅ Excel compilato: ACCREDITAMENTO/GATEWAY/A1#111#POPPIXSRLXX/POPPIX_SRL/BEEBEEDOC/V.1.3.56/report-checklist.xlsx
Aggiornati 15 test LAB
================================================================================

✅ 5. Compilazione dati tecnici Excel completato


================================================================================
[7/10] 6. Compilazione APPLICABILITA' Excel
Compila APPLICABILITA' e RAZIONALE
================================================================================

Colonna APPLICABILITA': 10
Colonna RAZIONALE: 11

✓ TC-4: SI
✓ TC-28: NO
✓ TC-36: NO
✓ TC-44: SI
✓ TC-53: NO
✓ TC-55: NO
✓ TC-56: NO
✓ TC-57: NO
✓ TC-59: NO
✓ TC-60: NO
✓ TC-61: NO
✓ TC-62: NO
✓ TC-452: SI
✓ TC-466: NO
✓ TC-473: NO

✅ Colonna APPLICABILITA' compilata
   - SI: 3 test
   - NO: 12 test (con motivazioni)

✅ 6. Compilazione APPLICABILITA' Excel completato


================================================================================
[8/10] 7. Compilazione gestione errori Excel
Compila ERRORE BLOCCANTE, VISIBILE, MESSAGGIO, BACKOFFICE
================================================================================

Colonne trovate:
  bloccante: 13
  visibile: 14
  messaggio: 15
  backoffice: 16

✓ TC-28: Bloccante=SI, Visibile=SI, Backoffice=SI
✓ TC-36: Bloccante=SI, Visibile=SI, Backoffice=SI
✓ TC-44: Bloccante=SI, Visibile=SI, Backoffice=SI
✓ TC-53: Bloccante=SI, Visibile=NO, Backoffice=NO
✓ TC-55: Bloccante=SI, Visibile=NO, Backoffice=NO
✓ TC-56: Bloccante=SI, Visibile=NO, Backoffice=NO
✓ TC-57: Bloccante=SI, Visibile=NO, Backoffice=NO
✓ TC-59: Bloccante=SI, Visibile=NO, Backoffice=NO
✓ TC-60: Bloccante=SI, Visibile=NO, Backoffice=NO
✓ TC-61: Bloccante=SI, Visibile=NO, Backoffice=NO
✓ TC-62: Bloccante=SI, Visibile=NO, Backoffice=NO
✓ TC-466: Bloccante=SI, Visibile=NO, Backoffice=NO
✓ TC-473: Bloccante=SI, Visibile=NO, Backoffice=NO

✅ Colonne gestione errori compilate per 13 test KO

✅ 7. Compilazione gestione errori Excel completato


================================================================================
[9/10] 8. Aggiornamento data.json
Aggiorna data.json con traceId e workflowInstanceId reali
================================================================================

Raccolta dati dai file _result.json per LAB...
✓ TC-4: VALIDAZIONE_CDA2_LAB_CT4.PDF
⚠️ TC-28: VALIDAZIONE_TOKEN_JWT_LAB_KO.PDF
⚠️ TC-36: VALIDAZIONE_TOKEN_JWT_CAMPO_LAB_KO.PDF
✓ TC-53: VALIDAZIONE_CDA2_LAB_CT7_KO.PDF
✓ TC-55: VALIDAZIONE_CDA2_LAB_CT9_KO.PDF
✓ TC-56: VALIDAZIONE_CDA2_LAB_CT10_KO.PDF
✓ TC-57: VALIDAZIONE_CDA2_LAB_CT11_KO.PDF
✓ TC-59: VALIDAZIONE_CDA2_LAB_CT13_KO.PDF
✓ TC-60: VALIDAZIONE_CDA2_LAB_CT14_KO.PDF
✓ TC-61: VALIDAZIONE_CDA2_LAB_CT15_KO.PDF
✓ TC-62: VALIDAZIONE_CDA2_LAB_CT16_KO.PDF
✓ TC-452: VALIDAZIONE_CDA2_LAB_CT17.PDF
✓ TC-466: VALIDAZIONE_CDA2_LAB_CT18.PDF
✓ TC-473: VALIDAZIONE_CDA2_LAB_CT19_KO.PDF
⚠️  TC-44: nessun result.json trovato (test documentale)

📂 Caricamento data.json esistente...
   Test esistenti: 38
   Totale test dopo merge: 38

✅ data.json aggiornato con 14 test
   Path: ACCREDITAMENTO/GATEWAY/A1#111#POPPIXSRLXX/POPPIX_SRL/BEEBEEDOC/V.1.3.56/data.json

   Test con traceId: 12/14
   Test con workflowInstanceId: 2/14 (solo test OK)

✅ 8. Aggiornamento data.json completato


================================================================================
[10/10] 9. Pulizia Excel (rimozione test non utilizzati)
Rimuove dall'Excel le righe dei test non utilizzati
================================================================================

================================================================================
PULIZIA EXCEL - RIMOZIONE TEST NON UTILIZZATI (BOTH)
================================================================================

File: ACCREDITAMENTO/GATEWAY/A1#111#POPPIXSRLXX/POPPIX_SRL/BEEBEEDOC/V.1.3.56/report-checklist.xlsx

Test da mantenere: 38
IDs: [4, 28, 32, 36, 40, 44, 48, 53, 55, 56, 57, 59, 60, 61, 62, 152, 154, 155, 156, 159, 160, 161, 162, 163, 164, 165, 166, 167, 168, 169, 448, 449, 452, 461, 466, 468, 473, 475]

[Modalità automatica - no conferma richiesta]


Foglio: TestCases
Righe totali: 747

Scansione righe...

Totale righe da eliminare: 145

Eliminazione automatica in corso...

Eliminazione di 145 righe in corso...

✅ Excel salvato: ACCREDITAMENTO/GATEWAY/A1#111#POPPIXSRLXX/POPPIX_SRL/BEEBEEDOC/V.1.3.56/report-checklist.xlsx
   Righe eliminate: 145
   Righe rimanenti: 602

✅ 9. Pulizia Excel (rimozione test non utilizzati) completato


================================================================================
RIEPILOGO FINALE
================================================================================

✅ Completati: 10/10
   ✓ 0. Preparazione template Excel
   ✓ 1. Generazione test KO (15 test)
   ✓ 2. Generazione test OK (2 test)
   ✓ 3. Copia PDF in FILES/
   ✓ 4. Compilazione info applicazione Excel
   ✓ 5. Compilazione dati tecnici Excel
   ✓ 6. Compilazione APPLICABILITA' Excel
   ✓ 7. Compilazione gestione errori Excel
   ✓ 8. Aggiornamento data.json
   ✓ 9. Pulizia Excel (rimozione test non utilizzati)

================================================================================
VERIFICA FILES GENERATI
================================================================================

PDF in FILES/: 36/15 ⚠️
Excel: ✅ report-checklist.xlsx
data.json: ✅ data.json

================================================================================
🎉 PACCHETTO COMPLETO GENERATO CON SUCCESSO!
================================================================================

================================================================================
GENERAZIONE PACCHETTO COMPLETO ACCREDITAMENTO FSE 2.0 - RSA
BEEBEEDOC v1.3.56 - Poppix S.r.l.
================================================================================

================================================================================
[1/10] 0. Preparazione template Excel
Copia template Excel vergine nella cartella di accreditamento
================================================================================

================================================================================
PREPARAZIONE TEMPLATE EXCEL
================================================================================

📄 Template sorgente: accreditamento-checklist_V8.2.6.1.xlsx
   Dimensione: 72.3 KB

📁 Directory destinazione: ACCREDITAMENTO/GATEWAY/A1#111#POPPIXSRLXX/POPPIX_SRL/BEEBEEDOC/V.1.3.56

📋 Copia in corso...
   ⚠️  File esistente salvato come backup: report-checklist.xlsx.backup
   ✓ Copiato: report-checklist.xlsx
   Dimensione: 72.3 KB

✅ Template preparato con successo!
================================================================================

✅ 0. Preparazione template Excel completato


================================================================================
[2/10] 1. Generazione test KO (24 test)
Genera e sottomette test KO RSA al gateway
================================================================================

================================================================================
GENERAZIONE TEST KO OBBLIGATORI PER RSA
================================================================================

Numero test da generare: 21

  - Test JWT: 2
  - Test CDA: 18
  - Documentali: 1


================================================================================
TC-32: VALIDAZIONE_TOKEN_JWT_RSA_KO
================================================================================
Tipo: JWT Token Validation
Descrizione: JWT mancante di campo obbligatorio purpose_of_use
Status atteso: 403
--------------------------------------------------------------------------------

✓ File XML: test_ko_tc32_jwt_20251110_112759.xml

📄 Generazione PDF...
✓ File PDF: test_ko_tc32_jwt_20251110_112759.pdf (23.2 KB)

⏳ Invio al gateway...

Status Code: 400
✅ TC-32 RIUSCITO!


================================================================================
TC-40: VALIDAZIONE_TOKEN_JWT_CAMPO_RSA_KO
================================================================================
Tipo: JWT Token Validation
Descrizione: JWT con campo action_id valorizzato erroneamente
Status atteso: 403
--------------------------------------------------------------------------------

✓ File XML: test_ko_tc40_jwt_20251110_112801.xml

📄 Generazione PDF...
✓ File PDF: test_ko_tc40_jwt_20251110_112801.pdf (23.2 KB)

⏳ Invio al gateway...

Status Code: 400
✅ TC-40 RIUSCITO!


================================================================================
TC-48: VALIDAZIONE_RSA_TIMEOUT
================================================================================

⚠️  Test solo documentale

================================================================================
TC-152: VALIDAZIONE_CDA2_RSA_CT6_KO
================================================================================
Tipo: CDA Validation (Caso Test 6)
Descrizione: Errore semantico (422) - CT6: Codice fiscale in minuscolo
Status atteso: 422
--------------------------------------------------------------------------------

✓ File XML: test_ko_tc152_ct6_20251110_112804.xml
  Modifica: CF in minuscolo

📄 Generazione PDF...
✓ File PDF: test_ko_tc152_ct6_20251110_112804.pdf (23.2 KB)

⏳ Invio al gateway...

✅ TC-152 RIUSCITO!

   "detail": "[ERRORE-44| Il codice fiscale 'rssmra80a01h501u' cittadino ed operatore deve essere costituito da 16 cifre [A-Z0-9]{16}]",

================================================================================
TC-154: VALIDAZIONE_CDA2_RSA_CT8_KO
================================================================================
Tipo: CDA Validation (Caso Test 8)
Descrizione: Errore semantico (422) - CT8: Elemento city mancante
Status atteso: 422
--------------------------------------------------------------------------------

✓ File XML: test_ko_tc154_ct8_20251110_112806.xml
  Modifica: Rimosso <city>

📄 Generazione PDF...
✓ File PDF: test_ko_tc154_ct8_20251110_112806.pdf (23.2 KB)

⏳ Invio al gateway...

✅ TC-154 RIUSCITO!

   "detail": "[ERRORE-11| L'elemento ClinicalDocument/recordTarget/patientRole/addr DEVE riportare i sotto-elementi 'country', 'city' e 'streetAddressLine' ]",

================================================================================
TC-155: VALIDAZIONE_CDA2_RSA_CT9_KO
================================================================================
Tipo: CDA Validation (Caso Test 9)
Descrizione: Errore semantico (422) - CT9: Elemento given (nome) mancante
Status atteso: 422
--------------------------------------------------------------------------------

✓ File XML: test_ko_tc155_ct9_20251110_112810.xml
  Modifica: Rimosso <given>

📄 Generazione PDF...
✓ File PDF: test_ko_tc155_ct9_20251110_112810.pdf (23.2 KB)

⏳ Invio al gateway...

✅ TC-155 RIUSCITO!

   "detail": "[ERRORE-14| L'elemento ClinicalDocument/recordTaget/patientRole/patient/name DEVE riportare gli elementi 'given' e 'family']",

================================================================================
TC-156: VALIDAZIONE_CDA2_RSA_CT10_KO
================================================================================
Tipo: CDA Validation (Caso Test 10)
Descrizione: Errore terminologico (400) - CT10: administrativeGenderCode invalido
Status atteso: 400
--------------------------------------------------------------------------------

✓ File XML: test_ko_tc156_ct10_20251110_112812.xml
  Modifica: administrativeGenderCode invalido

📄 Generazione PDF...
✓ File PDF: test_ko_tc156_ct10_20251110_112812.pdf (23.2 KB)

⏳ Invio al gateway...

✅ TC-156 RIUSCITO!

   "detail": "Almeno uno dei seguenti vocaboli non è censito: [CodeSystem: 2.16.840.1.113883.5.1063 v2.1.0, Codes: INVALID], [CodeSystem: 2.16.840.1.113883.5.1 v2.1.0, Codes: INVALID]",

================================================================================
TC-159: VALIDAZIONE_CDA2_RSA_CT13_KO
================================================================================
Tipo: CDA Validation (Caso Test 13)
Descrizione: Errore sintattico (400) - CT13: id mancante in order
Status atteso: 400
--------------------------------------------------------------------------------

✓ File XML: test_ko_tc159_ct13_20251110_112815.xml
  Modifica: Rimosso <id> in <order>

📄 Generazione PDF...
✓ File PDF: test_ko_tc159_ct13_20251110_112815.pdf (23.1 KB)

⏳ Invio al gateway...

✅ TC-159 RIUSCITO!

   "detail": "ERROR: -1,-1 cvc-complex-type.2.4.a: Invalid content was found starting with element '{\"urn:hl7-org:v3\":priorityCode}'. One of '{\"urn:hl7-org:v3\":realmCode, \"urn:hl7-org:v3\":typeId, \"urn:hl7-org:v3\":templateId, \"urn:hl7-org:v3\":id}' is expected.",

================================================================================
TC-160: VALIDAZIONE_CDA2_RSA_CT14_KO
================================================================================
Tipo: CDA Validation (Caso Test 14)
Descrizione: Errore sintattico (400) - CT14: code LOINC section invalido
Status atteso: 400
--------------------------------------------------------------------------------

✓ File XML: test_ko_tc160_ct14_20251110_112817.xml
  Modifica: Rimosso <code> obbligatorio dalla sezione Prestazioni

📄 Generazione PDF...
✓ File PDF: test_ko_tc160_ct14_20251110_112817.pdf (23.1 KB)

⏳ Invio al gateway...

✅ TC-160 RIUSCITO!

   "detail": "ERROR: -1,-1 cvc-complex-type.2.4.a: Invalid content was found starting with element '{\"urn:hl7-org:v3\":statusCode}'. One of '{\"urn:hl7-org:v3\":realmCode, \"urn:hl7-org:v3\":typeId, \"urn:hl7-org:v3\":templateId, \"urn:hl7-org:v3\":id, \"urn:hl7-org:v3\":code}' is expected.",

================================================================================
TC-161: VALIDAZIONE_CDA2_RSA_CT15_KO
================================================================================
Tipo: CDA Validation (Caso Test 15)
Descrizione: Errore semantico (422) - CT15: text non presente
Status atteso: 422
--------------------------------------------------------------------------------

✓ File XML: test_ko_tc161_ct15_20251110_112820.xml
  Modifica: Rimosso <text>

📄 Generazione PDF...
✓ File PDF: test_ko_tc161_ct15_20251110_112820.pdf (23.1 KB)

⏳ Invio al gateway...

✅ TC-161 RIUSCITO!

   "detail": "[ERRORE-b6| Sezione Quesito Diagnostico: la sezione DEVE contenere un elemento 'text']",

================================================================================
TC-162: VALIDAZIONE_CDA2_RSA_CT16_KO
================================================================================
Tipo: CDA Validation (Caso Test 16)
Descrizione: Errore semantico (422) - CT16: effectiveTime observation mancante
Status atteso: 422
--------------------------------------------------------------------------------

✓ File XML: test_ko_tc162_ct16_20251110_112823.xml
  Modifica: Rimosso <text> dalla sezione Quesito Diagnostico

📄 Generazione PDF...
✓ File PDF: test_ko_tc162_ct16_20251110_112823.pdf (23.1 KB)

⏳ Invio al gateway...

✅ TC-162 RIUSCITO!

   "detail": "[ERRORE-b6| Sezione Quesito Diagnostico: la sezione DEVE contenere un elemento 'text']",

================================================================================
TC-163: VALIDAZIONE_CDA2_RSA_CT17_KO
================================================================================
Tipo: CDA Validation (Caso Test 17)
Descrizione: Errore semantico (422) - CT17: code obbligatorio mancante nella sezione Prestazioni
Status atteso: 422
--------------------------------------------------------------------------------

✓ File XML: test_ko_tc163_ct17_20251110_112825.xml
  Modifica: Rimosso <code> obbligatorio dalla sezione Prestazioni

📄 Generazione PDF...
✓ File PDF: test_ko_tc163_ct17_20251110_112825.pdf (23.1 KB)

⏳ Invio al gateway...

✅ TC-163 RIUSCITO!

   "detail": "ERROR: -1,-1 cvc-complex-type.2.4.a: Invalid content was found starting with element '{\"urn:hl7-org:v3\":statusCode}'. One of '{\"urn:hl7-org:v3\":realmCode, \"urn:hl7-org:v3\":typeId, \"urn:hl7-org:v3\":templateId, \"urn:hl7-org:v3\":id, \"urn:hl7-org:v3\":code}' is expected.",

================================================================================
TC-164: VALIDAZIONE_CDA2_RSA_CT18_KO
================================================================================
Tipo: CDA Validation (Caso Test 18)
Descrizione: Errore semantico (422) - CT18: effectiveTime allergia mancante
Status atteso: 422
--------------------------------------------------------------------------------

✓ File XML: test_ko_tc164_ct18_20251110_112828.xml
  Modifica: Rimosso <effectiveTime> dalla sezione Storia Clinica

📄 Generazione PDF...
✓ File PDF: test_ko_tc164_ct18_20251110_112828.pdf (23.0 KB)

⏳ Invio al gateway...

✅ TC-164 RIUSCITO!

   "detail": "[ERRORE-b53| Sotto-sezione Allergie: l'elemento entry/act/entryRelationship/observation/effectiveTime deve essere presente e deve avere l'elemento 'low' valorizzato ]",

================================================================================
TC-165: VALIDAZIONE_CDA2_RSA_CT19_KO
================================================================================
Tipo: CDA Validation (Caso Test 19)
Descrizione: Errore semantico (422) - CT19: participant allergia mancante
Status atteso: 422
--------------------------------------------------------------------------------

✓ File XML: test_ko_tc165_ct19_20251110_112830.xml
  Modifica: Rimosso <participant> (agente allergia) dall'observation allergia

📄 Generazione PDF...
✓ File PDF: test_ko_tc165_ct19_20251110_112830.pdf (22.6 KB)

⏳ Invio al gateway...

✅ TC-165 RIUSCITO!

   "detail": "[ERRORE-b57| Sotto-sezione Allergie: entry/act/entryRelationship/observation deve contenere almeno un elemento 'participant']",

================================================================================
TC-166: VALIDAZIONE_CDA2_RSA_CT20_KO
================================================================================
Tipo: CDA Validation (Caso Test 20)
Descrizione: Errore semantico (422) - CT20: effectiveTime obbligatorio mancante nella sezione Allergie
Status atteso: 422
--------------------------------------------------------------------------------

✓ File XML: test_ko_tc166_ct20_20251110_112833.xml
  Modifica: Rimosso <effectiveTime> obbligatorio dalla sezione Allergie

📄 Generazione PDF...
✓ File PDF: test_ko_tc166_ct20_20251110_112833.pdf (23.0 KB)

⏳ Invio al gateway...

✅ TC-166 RIUSCITO!

   "detail": "[ERRORE-b48| Sotto-sezione  Allergie: l'elemento entry/act/effectiveTime deve essere presente e deve avere l'elemento 'low' valorizzato]",

================================================================================
TC-167: VALIDAZIONE_CDA2_RSA_CT21_KO
================================================================================
Tipo: CDA Validation (Caso Test 21)
Descrizione: Errore semantico (422) - CT21: Section Diagnosi mancante
Status atteso: 422
--------------------------------------------------------------------------------

✓ File XML: test_ko_tc167_ct21_20251110_112835.xml
  Modifica: Rimosso <participant> (agente allergia) dalla sezione Allergie

📄 Generazione PDF...
✓ File PDF: test_ko_tc167_ct21_20251110_112835.pdf (22.6 KB)

⏳ Invio al gateway...

✅ TC-167 RIUSCITO!

   "detail": "[ERRORE-b57| Sotto-sezione Allergie: entry/act/entryRelationship/observation deve contenere almeno un elemento 'participant']",

================================================================================
TC-168: VALIDAZIONE_CDA2_RSA_CT22_KO
================================================================================
Tipo: CDA Validation (Caso Test 22)
Descrizione: Errore terminologico (400) - CT22: codeSystem diagnosi errato
Status atteso: 400
--------------------------------------------------------------------------------

✓ File XML: test_ko_tc168_ct22_20251110_112838.xml
  Modifica: Codice diagnosi invalido (XYZ.12 non in ICD-9-CM) nella sezione Quesito Diagnostico

📄 Generazione PDF...
✓ File PDF: test_ko_tc168_ct22_20251110_112838.pdf (23.2 KB)

⏳ Invio al gateway...

✅ TC-168 RIUSCITO!

   "detail": "Almeno uno dei seguenti vocaboli non è censito: [CodeSystem: 2.16.840.1.113883.6.103, Codes: XYZ.12]",

================================================================================
TC-169: VALIDAZIONE_CDA2_RSA_CT23_KO
================================================================================
Tipo: CDA Validation (Caso Test 23)
Descrizione: Errore semantico (422) - CT23: signatureCode errato
Status atteso: 422
--------------------------------------------------------------------------------

✓ File XML: test_ko_tc169_ct23_20251110_112840.xml
  Modifica: signatureCode invalido

📄 Generazione PDF...
✓ File PDF: test_ko_tc169_ct23_20251110_112840.pdf (23.2 KB)

⏳ Invio al gateway...

✅ TC-169 RIUSCITO!

   "detail": "[ERRORE-30| L'elemento ClinicalDocument/legalAuthenticator/signatureCode deve essere valorizzato con il codice \"S\" ]",

================================================================================
TC-461: VALIDAZIONE_CDA2_RSA_CT26_KO
================================================================================
Tipo: CDA Validation (Caso Test 26)
Descrizione: Errore terminologico (400) - CT26: value observation errato
Status atteso: 400
--------------------------------------------------------------------------------

✓ File XML: test_ko_tc461_ct26_20251110_112843.xml
  Modifica: value observation errato

📄 Generazione PDF...
✓ File PDF: test_ko_tc461_ct26_20251110_112843.pdf (23.2 KB)

⏳ Invio al gateway...

✅ TC-461 RIUSCITO!

   "detail": "Almeno uno dei seguenti vocaboli non è censito: [CodeSystem: 2.16.840.1.113883.6.103, Codes: INVALID_CODE]",

================================================================================
TC-468: VALIDAZIONE_CDA2_RSA_CT27_KO
================================================================================
Tipo: CDA Validation (Caso Test 27)
Descrizione: Errore sintattico (400) - CT27: confidentialityCode mancante
Status atteso: 400
--------------------------------------------------------------------------------

✓ File XML: test_ko_tc468_ct27_20251110_112846.xml
  Modifica: Rimosso <confidentialityCode>

📄 Generazione PDF...
✓ File PDF: test_ko_tc468_ct27_20251110_112846.pdf (23.0 KB)

⏳ Invio al gateway...

✅ TC-468 RIUSCITO!

   "detail": "ERROR: -1,-1 cvc-complex-type.2.4.a: Invalid content was found starting with element '{\"urn:hl7-org:v3\":languageCode}'. One of '{\"urn:hl7-org:v3\":confidentialityCode}' is expected.",

================================================================================
TC-475: VALIDAZIONE_CDA2_RSA_CT28_KO
================================================================================
Tipo: CDA Validation (Caso Test 28)
Descrizione: Errore terminologico (400) - CT28: priorityCode invalido
Status atteso: 400
--------------------------------------------------------------------------------

✓ File XML: test_ko_tc475_ct28_20251110_112848.xml
  Modifica: priorityCode invalido

📄 Generazione PDF...
✓ File PDF: test_ko_tc475_ct28_20251110_112848.pdf (23.2 KB)

⏳ Invio al gateway...

✅ TC-475 RIUSCITO!

   "detail": "Almeno uno dei seguenti vocaboli non è censito: [CodeSystem: 2.16.840.1.113883.5.7 v2.1.0, Codes: INVALID]",

================================================================================
RIEPILOGO FINALE
================================================================================

✅ Test riusciti: 21/21
❌ Test falliti: 0/21
  ✅ TC-32: VALIDAZIONE_TOKEN_JWT_RSA_KO
  ✅ TC-40: VALIDAZIONE_TOKEN_JWT_CAMPO_RSA_KO
  ✅ TC-48: DOCUMENTATION
  ✅ TC-152: VALIDAZIONE_CDA2_RSA_CT6_KO
  ✅ TC-154: VALIDAZIONE_CDA2_RSA_CT8_KO
  ✅ TC-155: VALIDAZIONE_CDA2_RSA_CT9_KO
  ✅ TC-156: VALIDAZIONE_CDA2_RSA_CT10_KO
  ✅ TC-159: VALIDAZIONE_CDA2_RSA_CT13_KO
  ✅ TC-160: VALIDAZIONE_CDA2_RSA_CT14_KO
  ✅ TC-161: VALIDAZIONE_CDA2_RSA_CT15_KO
  ✅ TC-162: VALIDAZIONE_CDA2_RSA_CT16_KO
  ✅ TC-163: VALIDAZIONE_CDA2_RSA_CT17_KO
  ✅ TC-164: VALIDAZIONE_CDA2_RSA_CT18_KO
  ✅ TC-165: VALIDAZIONE_CDA2_RSA_CT19_KO
  ✅ TC-166: VALIDAZIONE_CDA2_RSA_CT20_KO
  ✅ TC-167: VALIDAZIONE_CDA2_RSA_CT21_KO
  ✅ TC-168: VALIDAZIONE_CDA2_RSA_CT22_KO
  ✅ TC-169: VALIDAZIONE_CDA2_RSA_CT23_KO
  ✅ TC-461: VALIDAZIONE_CDA2_RSA_CT26_KO
  ✅ TC-468: VALIDAZIONE_CDA2_RSA_CT27_KO
  ✅ TC-475: VALIDAZIONE_CDA2_RSA_CT28_KO

✅ 1. Generazione test KO (24 test) completato


================================================================================
[3/10] 2. Generazione test OK (2 test)
Genera e sottomette test OK RSA al gateway
================================================================================

================================================================================
GENERAZIONE TEST OK OBBLIGATORI PER RSA
================================================================================

================================================================================
TC-448: VALIDAZIONE_CDA2_RSA_CT24
================================================================================

⚙️  Generazione CDA valido...

✓ File XML: test_ok_tc448_ct24_20251110_112851.xml
  Test OK - Caso Test 24 (referto valido)

📄 Generazione PDF...
✓ File PDF: test_ok_tc448_ct24_20251110_112851.pdf (23.2 KB)

⏳ Invio al gateway...


================================================================================
 INVIO DOCUMENTO FSE 2.0 - VALIDAZIONE
================================================================================

✓ CDA caricato: test_ok_tc448_ct24_20251110_112851.xml
  Dimensione: 22012 bytes

✓ Informazioni estratte:
  - Paziente CF: RSSMRA80A01H501U
  - Autore CF: NREPLA70A01H501Z
  - Tipo documento: 11488-4 - Nota di consulto

✓ Generazione JWT...
  - JWT Sign: eyJhbGciOiJSUzI1NiIsInR5cCI6IkpXVCIsIng1YyI6WyJNSU...
  - JWT Auth: eyJhbGciOiJSUzI1NiIsInR5cCI6IkpXVCIsIng1YyI6WyJNSU...

✓ Creazione PDF con CDA embedded...
  - PDF dimensione: 23728 bytes

⏳ Invio al gateway FSE...
   URL: https://modipa-val.fse.salute.gov.it/govway/rest/in/FSE/gateway/v1/documents/validation
   Certificato AUTH: client_auth_combined.pem

📥 Risposta gateway:
   Status Code: 201

{
  "traceID": "8d760ad55ee3324aabd86afe1300722e",
  "spanID": "d914f15c0884c7ba",
  "workflowInstanceId": "2.16.840.1.113883.2.9.2.120.4.4.d44bed381626f18f469abf0f6982382629f834f6799fcfc71f009fbfdea2803e.2eb49ba867^^^^urn:ihe:iti:xdw:2013:workflowInstanceId"
}

================================================================================
✅ VALIDAZIONE COMPLETATA CON SUCCESSO!
================================================================================

📋 Workflow Instance ID: 2.16.840.1.113883.2.9.2.120.4.4.d44bed381626f18f469abf0f6982382629f834f6799fcfc71f009fbfdea2803e.2eb49ba867^^^^urn:ihe:iti:xdw:2013:workflowInstanceId

✅ TC-448 RIUSCITO!


================================================================================
TC-449: VALIDAZIONE_CDA2_RSA_CT25
================================================================================

⚙️  Generazione CDA valido...

✓ File XML: test_ok_tc449_ct25_20251110_112854.xml
  Test OK - Caso Test 25 (referto valido completo)

📄 Generazione PDF...
✓ File PDF: test_ok_tc449_ct25_20251110_112854.pdf (25.3 KB)

⏳ Invio al gateway...


================================================================================
 INVIO DOCUMENTO FSE 2.0 - VALIDAZIONE
================================================================================

✓ CDA caricato: test_ok_tc449_ct25_20251110_112854.xml
  Dimensione: 24179 bytes

✓ Informazioni estratte:
  - Paziente CF: BNCLRA85M50F205E
  - Autore CF: NREPLA70A01H501Z
  - Tipo documento: 11488-4 - Nota di consulto

✓ Generazione JWT...
  - JWT Sign: eyJhbGciOiJSUzI1NiIsInR5cCI6IkpXVCIsIng1YyI6WyJNSU...
  - JWT Auth: eyJhbGciOiJSUzI1NiIsInR5cCI6IkpXVCIsIng1YyI6WyJNSU...

✓ Creazione PDF con CDA embedded...
  - PDF dimensione: 25895 bytes

⏳ Invio al gateway FSE...
   URL: https://modipa-val.fse.salute.gov.it/govway/rest/in/FSE/gateway/v1/documents/validation
   Certificato AUTH: client_auth_combined.pem

📥 Risposta gateway:
   Status Code: 201

{
  "traceID": "e8d395b1b1d721258a098e89bf6991d7",
  "spanID": "3c7d73c9b3aee15a",
  "workflowInstanceId": "2.16.840.1.113883.2.9.2.120.4.4.94116538051cae2271c2773cf61fb4bf0abe40da85558d11b44b2adcbb7dd566.fb79de317c^^^^urn:ihe:iti:xdw:2013:workflowInstanceId"
}

================================================================================
✅ VALIDAZIONE COMPLETATA CON SUCCESSO!
================================================================================

📋 Workflow Instance ID: 2.16.840.1.113883.2.9.2.120.4.4.94116538051cae2271c2773cf61fb4bf0abe40da85558d11b44b2adcbb7dd566.fb79de317c^^^^urn:ihe:iti:xdw:2013:workflowInstanceId

✅ TC-449 RIUSCITO!


================================================================================
RIEPILOGO FINALE
================================================================================

✅ Test riusciti: 2/2
❌ Test falliti: 0/2

Dettaglio:
  ✅ TC-448: VALIDAZIONE_CDA2_RSA_CT24
  ✅ TC-449: VALIDAZIONE_CDA2_RSA_CT25

✅ 2. Generazione test OK (2 test) completato


================================================================================
[4/10] 3. Copia PDF in FILES/
Copia i PDF generati nella cartella FILES/
================================================================================

================================================================================
COPIA PDF IN FILES/ - RSA
================================================================================

📁 Directory: ACCREDITAMENTO/GATEWAY/A1#111#POPPIXSRLXX/POPPIX_SRL/BEEBEEDOC/V.1.3.56/FILES

🔄 TC- 32: Aggiornato VALIDAZIONE_TOKEN_JWT_RSA_KO.PDF
🔄 TC- 40: Aggiornato VALIDAZIONE_TOKEN_JWT_CAMPO_RSA_KO.PDF
⏭️  TC- 48: Nessun PDF trovato
🔄 TC-152: Aggiornato VALIDAZIONE_CDA2_RSA_CT6_KO.PDF
🔄 TC-154: Aggiornato VALIDAZIONE_CDA2_RSA_CT8_KO.PDF
🔄 TC-155: Aggiornato VALIDAZIONE_CDA2_RSA_CT9_KO.PDF
🔄 TC-156: Aggiornato VALIDAZIONE_CDA2_RSA_CT10_KO.PDF
⏭️  TC-157: Nessun PDF trovato
🔄 TC-159: Aggiornato VALIDAZIONE_CDA2_RSA_CT13_KO.PDF
🔄 TC-160: Aggiornato VALIDAZIONE_CDA2_RSA_CT14_KO.PDF
🔄 TC-161: Aggiornato VALIDAZIONE_CDA2_RSA_CT15_KO.PDF
🔄 TC-162: Aggiornato VALIDAZIONE_CDA2_RSA_CT16_KO.PDF
🔄 TC-163: Aggiornato VALIDAZIONE_CDA2_RSA_CT17_KO.PDF
🔄 TC-164: Aggiornato VALIDAZIONE_CDA2_RSA_CT18_KO.PDF
🔄 TC-165: Aggiornato VALIDAZIONE_CDA2_RSA_CT19_KO.PDF
🔄 TC-166: Aggiornato VALIDAZIONE_CDA2_RSA_CT20_KO.PDF
🔄 TC-167: Aggiornato VALIDAZIONE_CDA2_RSA_CT21_KO.PDF
🔄 TC-168: Aggiornato VALIDAZIONE_CDA2_RSA_CT22_KO.PDF
🔄 TC-169: Aggiornato VALIDAZIONE_CDA2_RSA_CT23_KO.PDF
🔄 TC-448: Aggiornato VALIDAZIONE_CDA2_RSA_CT24.PDF
🔄 TC-449: Aggiornato VALIDAZIONE_CDA2_RSA_CT25.PDF
🔄 TC-461: Aggiornato VALIDAZIONE_CDA2_RSA_CT26_KO.PDF
🔄 TC-468: Aggiornato VALIDAZIONE_CDA2_RSA_CT27_KO.PDF
🔄 TC-475: Aggiornato VALIDAZIONE_CDA2_RSA_CT28_KO.PDF

================================================================================
RIEPILOGO
================================================================================

Totale PDF: 36/22
Copiati: 22
Saltati: 2

✅ Tutti i 22 PDF sono presenti!

✅ 3. Copia PDF in FILES/ completato


================================================================================
[5/10] 4. Compilazione info applicazione Excel
Compila subject_application_id, vendor, version
================================================================================

/Users/bio/Develop/FSE2.0/.venv/lib/python3.14/site-packages/openpyxl/worksheet/_reader.py:329: UserWarning: Data Validation extension is not supported and will be removed
  warn(msg)
Informazioni applicazione compilate:
  ✓ NOME FORNITORE (riga 2, col C)
  ✓ subject_application_id (riga 3, col C)
  ✓ subject_application_vendor (riga 4, col C)
  ✓ subject_application_version (riga 5, col C)

✅ 4 campi compilati

✅ 4. Compilazione info applicazione Excel completato


================================================================================
[6/10] 5. Compilazione dati tecnici Excel
Compila DATA, TIMESTAMP, TRACEID, WORKFLOWINSTANCEID, ESITO
================================================================================

================================================================================
COMPILAZIONE EXCEL CON DATI COMPLETI DEI TEST RSA
================================================================================

Colonne trovate: ['ID', 'SERVIZIO', 'Tipo Documento', 'NOME CASO TEST', 'DESCRIZIONE CASO TEST', 'DATA ESECUZIONE', 'TIMESTAMP', 'TRACEID', 'WORKFLOWINSTANCEID', "APPLICABILITA'", "RAZIONALE DI APPLICABILITA'", "RAZIONALE DI APPLICABILITA' - ALTRO", 'ERRORE BLOCCANTE (SI/NO)', 'ERRORE VISIBILE A UTENTE (SI/NO)', 'MESSAGGIO DI ERRORE', 'GESTITO IN BACKOFFICE (SI/NO)', "PRESENTE CODA DI RETRY AUTOMATICA PER L'INVIO DEL DOCUMENTO AL SERVIZIO DI VALIDAZIONE DEL GATEWAY A SEGUITO DELLA RISOLUZIONE DELL'ERRORE (SI/NO)", "INVIO MANUALE DEL DOCUMENTO AL SERVIZIO DI VALIDAZIONE DEL GATEWAY A SEGUITO DELLA RISOLUZIONE DELL'ERRORE (SI/NO)", 'GESTIONE ERRORE', 'ESITO', 'TEST AUTOCERTIFICATO', 'NOTE', 'CASO OK / KO']

✓ TC-448: TraceID=8d760ad55ee3324aabd8..., WorkflowID=2.16.840.1.113883.2.9.2.120.4.4.d44bed38...

✓ TC-449: TraceID=e8d395b1b1d721258a09..., WorkflowID=2.16.840.1.113883.2.9.2.120.4.4.94116538...
✓ TC-32: Status=400, TraceID=48fe8ace-be1f-11f0-8...
✓ TC-40: Status=400, TraceID=3cb4f084-be1f-11f0-8...
✓ TC-152: Status=None, TraceID=N/A...
✓ TC-154: Status=None, TraceID=N/A...
✓ TC-155: Status=None, TraceID=N/A...
✓ TC-156: Status=None, TraceID=N/A...
✓ TC-159: Status=None, TraceID=N/A...
✓ TC-160: Status=None, TraceID=N/A...
✓ TC-161: Status=None, TraceID=N/A...
✓ TC-162: Status=None, TraceID=N/A...
✓ TC-163: Status=None, TraceID=N/A...
✓ TC-164: Status=None, TraceID=N/A...
✓ TC-165: Status=None, TraceID=N/A...
✓ TC-166: Status=None, TraceID=N/A...
✓ TC-167: Status=None, TraceID=N/A...
✓ TC-168: Status=None, TraceID=N/A...
✓ TC-169: Status=None, TraceID=N/A...
✓ TC-461: Status=None, TraceID=N/A...
✓ TC-468: Status=None, TraceID=N/A...
✓ TC-475: Status=None, TraceID=N/A...


Scrittura dati nell'Excel per test RSA...
  ✓ TC-32: KO (Status 400)
  ✓ TC-40: KO (Status 400)
  ✓ TC-48: KO (Expected)
  ✓ TC-152: KO (Status None)
  ✓ TC-154: KO (Status None)
  ✓ TC-155: KO (Status None)
  ✓ TC-156: KO (Status None)
  ✓ TC-159: KO (Status None)
  ✓ TC-160: KO (Status None)
  ✓ TC-161: KO (Status None)
  ✓ TC-162: KO (Status None)
  ✓ TC-163: KO (Status None)
  ✓ TC-164: KO (Status None)
  ✓ TC-165: KO (Status None)
  ✓ TC-166: KO (Status None)
  ✓ TC-167: KO (Status None)
  ✓ TC-168: KO (Status None)
  ✓ TC-169: KO (Status None)
  ✓ TC-448: OK
  ✓ TC-449: OK
  ✓ TC-461: KO (Status None)
  ✓ TC-468: KO (Status None)
  ✓ TC-475: KO (Status None)

================================================================================
✅ Excel compilato: ACCREDITAMENTO/GATEWAY/A1#111#POPPIXSRLXX/POPPIX_SRL/BEEBEEDOC/V.1.3.56/report-checklist.xlsx
Aggiornati 23 test RSA
================================================================================

✅ 5. Compilazione dati tecnici Excel completato


================================================================================
[7/10] 6. Compilazione APPLICABILITA' Excel
Compila APPLICABILITA' e RAZIONALE
================================================================================

Colonna APPLICABILITA': 10
Colonna RAZIONALE: 11

✓ TC-4: SI
✓ TC-28: NO
✓ TC-36: NO
✓ TC-44: SI
✓ TC-53: NO
✓ TC-55: NO
✓ TC-56: NO
✓ TC-57: NO
✓ TC-59: NO
✓ TC-60: NO
✓ TC-61: NO
✓ TC-62: NO
✓ TC-452: SI
✓ TC-466: NO
✓ TC-473: NO

✅ Colonna APPLICABILITA' compilata
   - SI: 3 test
   - NO: 12 test (con motivazioni)

✅ 6. Compilazione APPLICABILITA' Excel completato


================================================================================
[8/10] 7. Compilazione gestione errori Excel
Compila ERRORE BLOCCANTE, VISIBILE, MESSAGGIO, BACKOFFICE
================================================================================

Colonne trovate:
  bloccante: 13
  visibile: 14
  messaggio: 15
  backoffice: 16

✓ TC-28: Bloccante=SI, Visibile=SI, Backoffice=SI
✓ TC-36: Bloccante=SI, Visibile=SI, Backoffice=SI
✓ TC-44: Bloccante=SI, Visibile=SI, Backoffice=SI
✓ TC-53: Bloccante=SI, Visibile=NO, Backoffice=NO
✓ TC-55: Bloccante=SI, Visibile=NO, Backoffice=NO
✓ TC-56: Bloccante=SI, Visibile=NO, Backoffice=NO
✓ TC-57: Bloccante=SI, Visibile=NO, Backoffice=NO
✓ TC-59: Bloccante=SI, Visibile=NO, Backoffice=NO
✓ TC-60: Bloccante=SI, Visibile=NO, Backoffice=NO
✓ TC-61: Bloccante=SI, Visibile=NO, Backoffice=NO
✓ TC-62: Bloccante=SI, Visibile=NO, Backoffice=NO
✓ TC-466: Bloccante=SI, Visibile=NO, Backoffice=NO
✓ TC-473: Bloccante=SI, Visibile=NO, Backoffice=NO

✅ Colonne gestione errori compilate per 13 test KO

✅ 7. Compilazione gestione errori Excel completato


================================================================================
[9/10] 8. Aggiornamento data.json
Aggiorna data.json con traceId e workflowInstanceId reali
================================================================================

Raccolta dati dai file _result.json per RSA...
⚠️ TC-32: VALIDAZIONE_TOKEN_JWT_RSA_KO.PDF
⚠️ TC-40: VALIDAZIONE_TOKEN_JWT_CAMPO_RSA_KO.PDF
⚠️ TC-152: VALIDAZIONE_CDA2_RSA_CT6_KO.PDF
⚠️ TC-154: VALIDAZIONE_CDA2_RSA_CT8_KO.PDF
⚠️ TC-155: VALIDAZIONE_CDA2_RSA_CT9_KO.PDF
⚠️ TC-156: VALIDAZIONE_CDA2_RSA_CT10_KO.PDF
⚠️  TC-157: nessun result.json trovato
⚠️ TC-159: VALIDAZIONE_CDA2_RSA_CT13_KO.PDF
⚠️ TC-160: VALIDAZIONE_CDA2_RSA_CT14_KO.PDF
⚠️ TC-161: VALIDAZIONE_CDA2_RSA_CT15_KO.PDF
⚠️ TC-162: VALIDAZIONE_CDA2_RSA_CT16_KO.PDF
⚠️ TC-163: VALIDAZIONE_CDA2_RSA_CT17_KO.PDF
⚠️ TC-164: VALIDAZIONE_CDA2_RSA_CT18_KO.PDF
⚠️ TC-165: VALIDAZIONE_CDA2_RSA_CT19_KO.PDF
⚠️ TC-166: VALIDAZIONE_CDA2_RSA_CT20_KO.PDF
⚠️ TC-167: VALIDAZIONE_CDA2_RSA_CT21_KO.PDF
⚠️ TC-168: VALIDAZIONE_CDA2_RSA_CT22_KO.PDF
⚠️ TC-169: VALIDAZIONE_CDA2_RSA_CT23_KO.PDF
✓ TC-448: VALIDAZIONE_CDA2_RSA_CT24.PDF
✓ TC-449: VALIDAZIONE_CDA2_RSA_CT25.PDF
⚠️ TC-461: VALIDAZIONE_CDA2_RSA_CT26_KO.PDF
⚠️ TC-468: VALIDAZIONE_CDA2_RSA_CT27_KO.PDF
⚠️ TC-475: VALIDAZIONE_CDA2_RSA_CT28_KO.PDF
⚠️  TC-48: nessun result.json trovato (test documentale)

📂 Caricamento data.json esistente...
   Test esistenti: 38
   Totale test dopo merge: 38

✅ data.json aggiornato con 22 test
   Path: ACCREDITAMENTO/GATEWAY/A1#111#POPPIXSRLXX/POPPIX_SRL/BEEBEEDOC/V.1.3.56/data.json

   Test con traceId: 2/22
   Test con workflowInstanceId: 2/22 (solo test OK)

✅ 8. Aggiornamento data.json completato


================================================================================
[10/10] 9. Pulizia Excel (rimozione test non utilizzati)
Rimuove dall'Excel le righe dei test non utilizzati
================================================================================

================================================================================
PULIZIA EXCEL - RIMOZIONE TEST NON UTILIZZATI (BOTH)
================================================================================

File: ACCREDITAMENTO/GATEWAY/A1#111#POPPIXSRLXX/POPPIX_SRL/BEEBEEDOC/V.1.3.56/report-checklist.xlsx

Test da mantenere: 38
IDs: [4, 28, 32, 36, 40, 44, 48, 53, 55, 56, 57, 59, 60, 61, 62, 152, 154, 155, 156, 159, 160, 161, 162, 163, 164, 165, 166, 167, 168, 169, 448, 449, 452, 461, 466, 468, 473, 475]

[Modalità automatica - no conferma richiesta]


Foglio: TestCases
Righe totali: 747

Scansione righe...

Totale righe da eliminare: 145

Eliminazione automatica in corso...

Eliminazione di 145 righe in corso...

✅ Excel salvato: ACCREDITAMENTO/GATEWAY/A1#111#POPPIXSRLXX/POPPIX_SRL/BEEBEEDOC/V.1.3.56/report-checklist.xlsx
   Righe eliminate: 145
   Righe rimanenti: 602

✅ 9. Pulizia Excel (rimozione test non utilizzati) completato


================================================================================
RIEPILOGO FINALE
================================================================================

✅ Completati: 10/10
   ✓ 0. Preparazione template Excel
   ✓ 1. Generazione test KO (24 test)
   ✓ 2. Generazione test OK (2 test)
   ✓ 3. Copia PDF in FILES/
   ✓ 4. Compilazione info applicazione Excel
   ✓ 5. Compilazione dati tecnici Excel
   ✓ 6. Compilazione APPLICABILITA' Excel
   ✓ 7. Compilazione gestione errori Excel
   ✓ 8. Aggiornamento data.json
   ✓ 9. Pulizia Excel (rimozione test non utilizzati)

================================================================================
VERIFICA FILES GENERATI
================================================================================

PDF in FILES/: 36/15 ⚠️
Excel: ✅ report-checklist.xlsx
data.json: ✅ data.json

================================================================================
🎉 PACCHETTO COMPLETO GENERATO CON SUCCESSO!
================================================================================

================================================================================
GENERAZIONE PACCHETTO COMPLETO ACCREDITAMENTO FSE 2.0 - BOTH
BEEBEEDOC v1.3.56 - Poppix S.r.l.
================================================================================

🔄 Modalità BOTH: Generazione LAB + RSA


================================================================================
STEP 1/2: GENERAZIONE LAB
================================================================================


================================================================================
STEP 2/2: GENERAZIONE RSA
================================================================================


================================================================================
🎉 PACCHETTO COMPLETO LAB+RSA GENERATO!
================================================================================

📁 Verifica files generati...
   ✓ data.json: 38 test
   ✓ FILES/: 36 PDF

✅ Pacchetto completo pronto per la submission!

